\BOOKMARK [0][-]{chapter*.2}{\376\377\000I\000n\000t\000r\000o\000d\000u\000c\000t\000i\000o\000n}{}% 1
\BOOKMARK [0][-]{chapter.1}{\376\377\0003\000D\000\040\000o\000b\000j\000e\000c\000t\000\040\000r\000e\000p\000r\000e\000s\000e\000n\000t\000a\000t\000i\000o\000n}{}% 2
\BOOKMARK [1][-]{section.1.1}{\376\377\000O\000v\000e\000r\000v\000i\000e\000w}{chapter.1}% 3
\BOOKMARK [2][-]{subsection.1.1.1}{\376\377\000V\000o\000x\000e\000l\000\040\000m\000a\000p}{section.1.1}% 4
\BOOKMARK [2][-]{subsection.1.1.2}{\376\377\000I\000s\000o\000s\000u\000r\000f\000a\000c\000e}{section.1.1}% 5
\BOOKMARK [2][-]{subsection.1.1.3}{\376\377\000C\000o\000n\000s\000t\000r\000u\000c\000t\000i\000v\000e\000\040\000s\000o\000l\000i\000d\000\040\000g\000e\000o\000m\000e\000t\000r\000y}{section.1.1}% 6
\BOOKMARK [2][-]{subsection.1.1.4}{\376\377\000P\000o\000i\000n\000t\000\040\000c\000l\000o\000u\000d}{section.1.1}% 7
\BOOKMARK [2][-]{subsection.1.1.5}{\376\377\000P\000o\000l\000y\000g\000o\000n\000a\000l\000\040\000m\000e\000s\000h}{section.1.1}% 8
\BOOKMARK [1][-]{section.1.2}{\376\377\000P\000o\000l\000y\000g\000o\000n\000a\000l\000\040\000M\000e\000s\000h}{chapter.1}% 9
\BOOKMARK [0][-]{chapter.2}{\376\377\000O\000p\000e\000r\000a\000t\000i\000o\000n\000s\000\040\000a\000n\000d\000\040\000a\000l\000g\000o\000r\000i\000t\000h\000m\000s}{}% 10
\BOOKMARK [1][-]{section.2.1}{\376\377\000C\000o\000n\000v\000e\000r\000t\000i\000n\000g\000\040\000b\000e\000t\000w\000e\000e\000n\000\040\000r\000e\000p\000r\000e\000s\000e\000n\000t\000a\000t\000i\000o\000n\000s}{chapter.2}% 11
\BOOKMARK [2][-]{subsection.2.1.1}{\376\377\000M\000a\000r\000c\000h\000i\000n\000g\000\040\000c\000u\000b\000e\000s}{section.2.1}% 12
\BOOKMARK [2][-]{subsection.2.1.2}{\376\377\000V\000o\000x\000e\000l\000i\000z\000a\000t\000i\000o\000n}{section.2.1}% 13
\BOOKMARK [1][-]{section.2.2}{\376\377\000E\000d\000i\000t\000i\000n\000g\000\040\000f\000u\000n\000c\000t\000i\000o\000n\000s}{chapter.2}% 14
\BOOKMARK [2][-]{subsection.2.2.1}{\376\377\000T\000r\000u\000n\000c\000a\000t\000e}{section.2.2}% 15
\BOOKMARK [2][-]{subsection.2.2.2}{\376\377\000B\000e\000v\000e\000l}{section.2.2}% 16
\BOOKMARK [0][-]{chapter.3}{\376\377\000L\000i\000b\000r\000a\000r\000i\000e\000s}{}% 17
\BOOKMARK [1][-]{section.3.1}{\376\377\000O\000p\000e\000n\000M\000e\000s\000h}{chapter.3}% 18
\BOOKMARK [0][-]{chapter*.3}{\376\377\000C\000o\000n\000c\000l\000u\000s\000i\000o\000n}{}% 19
\BOOKMARK [0][-]{chapter*.4}{\376\377\000B\000i\000b\000l\000i\000o\000g\000r\000a\000p\000h\000y}{}% 20
\BOOKMARK [0][-]{chapter*.5}{\376\377\000L\000i\000s\000t\000\040\000o\000f\000\040\000T\000a\000b\000l\000e\000s}{}% 21
\BOOKMARK [0][-]{chapter*.6}{\376\377\000L\000i\000s\000t\000\040\000o\000f\000\040\000A\000b\000b\000r\000e\000v\000i\000a\000t\000i\000o\000n\000s}{}% 22
\BOOKMARK [0][-]{chapter*.7}{\376\377\000A\000t\000t\000a\000c\000h\000m\000e\000n\000t\000s}{}% 23
